<?xml version="1.0" encoding="UTF-8"?>
<!-- Generated by org.testng.reporters.JUnitXMLReporter -->
<testsuite ignored="0" hostname="LTIN268674" failures="0" tests="3" name="EdgeTest" time="230.53" errors="0" timestamp="2024-02-13T10:38:28 IST">
  <testcase classname="TestCases.TC001_beCognizant" name="userVerification" time="38.497"/>
  <testcase classname="TestCases.TC001_beCognizant" name="oneCognizantFunctions" time="12.956"/>
  <testcase classname="TestCases.TC001_beCognizant" name="timeSheetNavigation" time="132.23"/>
</testsuite> <!-- EdgeTest -->
